<?xml version="1.0" encoding="UTF-8"?>
<!-- Generated by org.testng.reporters.JUnitReportReporter -->
<testsuite hostname="LAPTOP-5QN18PQF" failures="0" tests="1" name="testrunner.Runner" time="18.721" errors="0" timestamp="2024-03-18T18:41:43 IST" skipped="0">
  <testcase classname="testrunner.Runner" name="runScenario" time="18.721"/>
</testsuite> <!-- testrunner.Runner -->
